<?xml version="1.0" encoding="UTF-8"?>
<robot generator="Robot 5.0 (Python 3.10.0 on win32)" generated="20220325 17:12:51.469" rpa="false" schemaversion="3">
<suite id="s1" name="Test" source="c:\qaninja\robot\test.robot">
<test id="s1-t1" name="Deve retornar mensagem de boas vindas" line="6">
<kw name="Welcome" library="app">
<var>${result}</var>
<arg>Rodrigues</arg>
<msg timestamp="20220325 17:12:51.532" level="INFO">${result} = Olá Rodrigues, bem vindo ao Curso básico de Robot Framework!</msg>
<status status="PASS" starttime="20220325 17:12:51.531" endtime="20220325 17:12:51.532"/>
</kw>
<kw name="Should Be Equal" library="BuiltIn">
<arg>${result}</arg>
<arg>Olá Rodrigues, bem vindo ao Curso básico de Robot Framework!</arg>
<doc>Fails if the given objects are unequal.</doc>
<status status="PASS" starttime="20220325 17:12:51.532" endtime="20220325 17:12:51.533"/>
</kw>
<status status="PASS" starttime="20220325 17:12:51.529" endtime="20220325 17:12:51.534"/>
</test>
<status status="PASS" starttime="20220325 17:12:51.473" endtime="20220325 17:12:51.537"/>
</suite>
<statistics>
<total>
<stat pass="1" fail="0" skip="0">All Tests</stat>
</total>
<tag>
</tag>
<suite>
<stat pass="1" fail="0" skip="0" id="s1" name="Test">Test</stat>
</suite>
</statistics>
<errors>
</errors>
</robot>
